2025-12-17T00:15:33.801+05:30  WARN 62338 --- [guessergame] [HikariPool-1 housekeeper] com.zaxxer.hikari.pool.HikariPool        : HikariPool-1 - Thread starvation or clock leap detected (housekeeper delta=19m32s13ms).
2025-12-17T00:27:32.861+05:30  WARN 62338 --- [guessergame] [HikariPool-1 housekeeper] com.zaxxer.hikari.pool.HikariPool        : HikariPool-1 - Thread starvation or clock leap detected (housekeeper delta=11m28s937ms).
2025-12-17T00:43:32.670+05:30  WARN 62338 --- [guessergame] [HikariPool-1 housekeeper] com.zaxxer.hikari.pool.HikariPool        : HikariPool-1 - Thread starvation or clock leap detected (housekeeper delta=15m29s797ms).
2025-12-17T01:00:04.803+05:30  WARN 62338 --- [guessergame] [HikariPool-1 housekeeper] com.zaxxer.hikari.pool.HikariPool        : HikariPool-1 - Thread starvation or clock leap detected (housekeeper delta=15m30s660ms).
2025-12-17T01:15:35.407+05:30  WARN 62338 --- [guessergame] [HikariPool-1 housekeeper] com.zaxxer.hikari.pool.HikariPool        : HikariPool-1 - Thread starvation or clock leap detected (housekeeper delta=15m30s605ms).
2025-12-17T01:31:36.006+05:30  WARN 62338 --- [guessergame] [HikariPool-1 housekeeper] com.zaxxer.hikari.pool.HikariPool        : HikariPool-1 - Thread starvation or clock leap detected (housekeeper delta=15m30s568ms).
2025-12-17T01:47:06.623+05:30  WARN 62338 --- [guessergame] [HikariPool-1 housekeeper] com.zaxxer.hikari.pool.HikariPool        : HikariPool-1 - Thread starvation or clock leap detected (housekeeper delta=15m30s619ms).
2025-12-17T02:02:37.027+05:30  WARN 62338 --- [guessergame] [HikariPool-1 housekeeper] com.zaxxer.hikari.pool.HikariPool        : HikariPool-1 - Thread starvation or clock leap detected (housekeeper delta=15m30s404ms).
2025-12-17T02:18:36.913+05:30  WARN 62338 --- [guessergame] [HikariPool-1 housekeeper] com.zaxxer.hikari.pool.HikariPool        : HikariPool-1 - Thread starvation or clock leap detected (housekeeper delta=15m29s832ms).
2025-12-17T02:34:37.480+05:30  WARN 62338 --- [guessergame] [HikariPool-1 housekeeper] com.zaxxer.hikari.pool.HikariPool        : HikariPool-1 - Thread starvation or clock leap detected (housekeeper delta=15m30s568ms).
2025-12-17T02:50:08.058+05:30  WARN 62338 --- [guessergame] [HikariPool-1 housekeeper] com.zaxxer.hikari.pool.HikariPool        : HikariPool-1 - Thread starvation or clock leap detected (housekeeper delta=15m30s578ms).
2025-12-17T03:06:08.699+05:30  WARN 62338 --- [guessergame] [HikariPool-1 housekeeper] com.zaxxer.hikari.pool.HikariPool        : HikariPool-1 - Thread starvation or clock leap detected (housekeeper delta=15m30s633ms).
2025-12-17T03:21:39.317+05:30  WARN 62338 --- [guessergame] [HikariPool-1 housekeeper] com.zaxxer.hikari.pool.HikariPool        : HikariPool-1 - Thread starvation or clock leap detected (housekeeper delta=15m30s619ms).
2025-12-17T03:37:39.225+05:30  WARN 62338 --- [guessergame] [HikariPool-1 housekeeper] com.zaxxer.hikari.pool.HikariPool        : HikariPool-1 - Thread starvation or clock leap detected (housekeeper delta=15m29s880ms).
2025-12-17T03:53:09.774+05:30  WARN 62338 --- [guessergame] [HikariPool-1 housekeeper] com.zaxxer.hikari.pool.HikariPool        : HikariPool-1 - Thread starvation or clock leap detected (housekeeper delta=15m30s548ms).
2025-12-17T04:08:39.653+05:30  WARN 62338 --- [guessergame] [HikariPool-1 housekeeper] com.zaxxer.hikari.pool.HikariPool        : HikariPool-1 - Thread starvation or clock leap detected (housekeeper delta=15m29s880ms).
2025-12-17T04:24:39.556+05:30  WARN 62338 --- [guessergame] [HikariPool-1 housekeeper] com.zaxxer.hikari.pool.HikariPool        : HikariPool-1 - Thread starvation or clock leap detected (housekeeper delta=15m29s887ms).
2025-12-17T04:40:09.366+05:30  WARN 62338 --- [guessergame] [HikariPool-1 housekeeper] com.zaxxer.hikari.pool.HikariPool        : HikariPool-1 - Thread starvation or clock leap detected (housekeeper delta=15m29s810ms).
2025-12-17T04:55:39.893+05:30  WARN 62338 --- [guessergame] [HikariPool-1 housekeeper] com.zaxxer.hikari.pool.HikariPool        : HikariPool-1 - Thread starvation or clock leap detected (housekeeper delta=15m30s526ms).
2025-12-17T05:11:40.484+05:30  WARN 62338 --- [guessergame] [HikariPool-1 housekeeper] com.zaxxer.hikari.pool.HikariPool        : HikariPool-1 - Thread starvation or clock leap detected (housekeeper delta=15m30s550ms).
2025-12-17T05:27:10.325+05:30  WARN 62338 --- [guessergame] [HikariPool-1 housekeeper] com.zaxxer.hikari.pool.HikariPool        : HikariPool-1 - Thread starvation or clock leap detected (housekeeper delta=15m29s839ms).
2025-12-17T05:42:40.858+05:30  WARN 62338 --- [guessergame] [HikariPool-1 housekeeper] com.zaxxer.hikari.pool.HikariPool        : HikariPool-1 - Thread starvation or clock leap detected (housekeeper delta=15m30s534ms).
2025-12-17T05:58:10.778+05:30  WARN 62338 --- [guessergame] [HikariPool-1 housekeeper] com.zaxxer.hikari.pool.HikariPool        : HikariPool-1 - Thread starvation or clock leap detected (housekeeper delta=15m29s920ms).
2025-12-17T06:14:11.379+05:30  WARN 62338 --- [guessergame] [HikariPool-1 housekeeper] com.zaxxer.hikari.pool.HikariPool        : HikariPool-1 - Thread starvation or clock leap detected (housekeeper delta=15m30s577ms).
2025-12-17T06:26:47.463+05:30  WARN 62338 --- [guessergame] [HikariPool-1 housekeeper] com.zaxxer.hikari.pool.HikariPool        : HikariPool-1 - Thread starvation or clock leap detected (housekeeper delta=12m36s86ms).
2025-12-17T06:26:47.665+05:30  INFO 62338 --- [guessergame] [MessageBroker-1] o.s.w.s.c.WebSocketMessageBrokerStats    : WebSocketSession[0 current WS(0)-HttpStream(0)-HttpPoll(0), 42 total, 0 closed abnormally (0 connect failure, 0 send limit, 1 transport error)], stompSubProtocol[processed CONNECT(42)-CONNECTED(42)-DISCONNECT(4)], stompBrokerRelay[null], inboundChannel[pool size = 0, active threads = 0, queued tasks = 0, completed tasks = 402], outboundChannel[pool size = 0, active threads = 0, queued tasks = 0, completed tasks = 260], sockJsScheduler[pool size = 8, active threads = 1, queued tasks = 1, completed tasks = 906]
2025-12-17T06:42:47.402+05:30  WARN 62338 --- [guessergame] [HikariPool-1 housekeeper] com.zaxxer.hikari.pool.HikariPool        : HikariPool-1 - Thread starvation or clock leap detected (housekeeper delta=15m29s927ms).
2025-12-17T06:58:47.274+05:30  WARN 62338 --- [guessergame] [HikariPool-1 housekeeper] com.zaxxer.hikari.pool.HikariPool        : HikariPool-1 - Thread starvation or clock leap detected (housekeeper delta=15m29s849ms).
2025-12-17T07:14:17.875+05:30  WARN 62338 --- [guessergame] [HikariPool-1 housekeeper] com.zaxxer.hikari.pool.HikariPool        : HikariPool-1 - Thread starvation or clock leap detected (housekeeper delta=15m30s602ms).
2025-12-17T07:29:47.707+05:30  WARN 62338 --- [guessergame] [HikariPool-1 housekeeper] com.zaxxer.hikari.pool.HikariPool        : HikariPool-1 - Thread starvation or clock leap detected (housekeeper delta=15m29s831ms).
2025-12-17T07:45:48.424+05:30  WARN 62338 --- [guessergame] [HikariPool-1 housekeeper] com.zaxxer.hikari.pool.HikariPool        : HikariPool-1 - Thread starvation or clock leap detected (housekeeper delta=15m30s699ms).
2025-12-17T08:01:18.295+05:30  WARN 62338 --- [guessergame] [HikariPool-1 housekeeper] com.zaxxer.hikari.pool.HikariPool        : HikariPool-1 - Thread starvation or clock leap detected (housekeeper delta=15m29s871ms).
2025-12-17T08:14:42.201+05:30  WARN 62338 --- [guessergame] [HikariPool-1 housekeeper] com.zaxxer.hikari.pool.HikariPool        : HikariPool-1 - Thread starvation or clock leap detected (housekeeper delta=13m23s906ms).
2025-12-17T08:30:42.775+05:30  WARN 62338 --- [guessergame] [HikariPool-1 housekeeper] com.zaxxer.hikari.pool.HikariPool        : HikariPool-1 - Thread starvation or clock leap detected (housekeeper delta=15m30s565ms).
2025-12-17T08:46:13.362+05:30  WARN 62338 --- [guessergame] [HikariPool-1 housekeeper] com.zaxxer.hikari.pool.HikariPool        : HikariPool-1 - Thread starvation or clock leap detected (housekeeper delta=15m30s587ms).
2025-12-17T09:02:13.872+05:30  WARN 62338 --- [guessergame] [HikariPool-1 housekeeper] com.zaxxer.hikari.pool.HikariPool        : HikariPool-1 - Thread starvation or clock leap detected (housekeeper delta=15m30s500ms).
2025-12-17T09:17:43.752+05:30  WARN 62338 --- [guessergame] [HikariPool-1 housekeeper] com.zaxxer.hikari.pool.HikariPool        : HikariPool-1 - Thread starvation or clock leap detected (housekeeper delta=15m29s880ms).
2025-12-17T09:33:44.313+05:30  WARN 62338 --- [guessergame] [HikariPool-1 housekeeper] com.zaxxer.hikari.pool.HikariPool        : HikariPool-1 - Thread starvation or clock leap detected (housekeeper delta=15m30s558ms).
2025-12-17T09:49:14.920+05:30  WARN 62338 --- [guessergame] [HikariPool-1 housekeeper] com.zaxxer.hikari.pool.HikariPool        : HikariPool-1 - Thread starvation or clock leap detected (housekeeper delta=15m30s607ms).
2025-12-17T10:05:46.408+05:30  WARN 62338 --- [guessergame] [HikariPool-1 housekeeper] com.zaxxer.hikari.pool.HikariPool        : HikariPool-1 - Thread starvation or clock leap detected (housekeeper delta=15m30s101ms).
2025-12-17T10:11:17.154+05:30  WARN 62338 --- [guessergame] [HikariPool-1 housekeeper] com.zaxxer.hikari.pool.HikariPool        : HikariPool-1 - Thread starvation or clock leap detected (housekeeper delta=5m746ms).
2025-12-17T10:13:11.123+05:30  INFO 62338 --- [guessergame] [http-nio-8080-exec-9] c.g.d.service.game.MultiplayerStrategy   : Player anurag attempting to start a multiplayer game
2025-12-17T10:13:11.151+05:30  INFO 62338 --- [guessergame] [http-nio-8080-exec-9] c.g.d.service.game.MultiplayerStrategy   : Created new room 60d88fb7-ebfc-47d2-8a59-7b48092c178f for player anurag
2025-12-17T10:13:11.151+05:30  INFO 62338 --- [guessergame] [http-nio-8080-exec-9] c.g.d.service.game.MultiplayerStrategy   : Player anurag is the first player in room 60d88fb7-ebfc-47d2-8a59-7b48092c178f
2025-12-17T10:13:11.155+05:30  INFO 62338 --- [guessergame] [http-nio-8080-exec-9] c.g.d.service.game.MultiplayerStrategy   : Game started for player anurag in room 60d88fb7-ebfc-47d2-8a59-7b48092c178f with status IN_PROGRESS
2025-12-17T10:13:20.959+05:30  INFO 62338 --- [guessergame] [http-nio-8080-exec-3] c.g.d.service.game.MultiplayerStrategy   : Player anuragh attempting to start a multiplayer game
2025-12-17T10:13:20.968+05:30  INFO 62338 --- [guessergame] [http-nio-8080-exec-3] c.g.d.service.game.MultiplayerStrategy   : Found available room 60d88fb7-ebfc-47d2-8a59-7b48092c178f for player anuragh. Room currently has player anurag
2025-12-17T10:13:20.973+05:30  INFO 62338 --- [guessergame] [http-nio-8080-exec-3] c.g.d.service.game.MultiplayerStrategy   : Player anuragh joined room 60d88fb7-ebfc-47d2-8a59-7b48092c178f as second player
2025-12-17T10:13:20.980+05:30  INFO 62338 --- [guessergame] [http-nio-8080-exec-3] c.g.d.service.game.MultiplayerStrategy   : Sent player joined notification to room 60d88fb7-ebfc-47d2-8a59-7b48092c178f for player anurag
2025-12-17T10:13:20.980+05:30  INFO 62338 --- [guessergame] [http-nio-8080-exec-3] c.g.d.service.game.MultiplayerStrategy   : Game started for player anuragh in room 60d88fb7-ebfc-47d2-8a59-7b48092c178f with status IN_PROGRESS
2025-12-17T10:13:26.975+05:30  INFO 62338 --- [guessergame] [http-nio-8080-exec-7] c.g.d.service.game.MultiplayerStrategy   : Player anurag submitting guess in game 064868e4-d284-41bf-af5f-74b018404713 for room 60d88fb7-ebfc-47d2-8a59-7b48092c178f
2025-12-17T10:13:26.979+05:30  INFO 62338 --- [guessergame] [http-nio-8080-exec-7] c.g.d.service.game.MultiplayerStrategy   : Player anurag made guess 12 in game 064868e4-d284-41bf-af5f-74b018404713. Correct digits: 0
2025-12-17T10:13:26.983+05:30  INFO 62338 --- [guessergame] [http-nio-8080-exec-7] c.g.d.service.game.MultiplayerStrategy   : Turn switched to player anuragh in game 064868e4-d284-41bf-af5f-74b018404713 in room 60d88fb7-ebfc-47d2-8a59-7b48092c178f
2025-12-17T10:13:26.993+05:30  INFO 62338 --- [guessergame] [http-nio-8080-exec-7] c.g.d.service.game.MultiplayerStrategy   : Sent turn notification to room 60d88fb7-ebfc-47d2-8a59-7b48092c178f - Player anurag guessed, next player: anuragh
2025-12-17T10:19:09.730+05:30  INFO 62338 --- [guessergame] [http-nio-8080-exec-8] c.guesser.demo.service.GuesserService    : Player anuragh ended the game. Player anurag wins. Game: 7703ead2-eba6-4f6c-afce-a5b7ececebee, Room: 60d88fb7-ebfc-47d2-8a59-7b48092c178f
2025-12-17T10:19:12.351+05:30  INFO 62338 --- [guessergame] [http-nio-8080-exec-10] c.g.d.service.game.MultiplayerStrategy   : Player 12 attempting to start a multiplayer game
2025-12-17T10:19:12.359+05:30  WARN 62338 --- [guessergame] [http-nio-8080-exec-10] c.g.d.service.game.MultiplayerStrategy   : Player 12 is already in room 356ab572-46c0-42de-a38d-1dfc17d0530f
2025-12-17T10:19:12.369+05:30  WARN 62338 --- [guessergame] [http-nio-8080-exec-10] .m.m.a.ExceptionHandlerExceptionResolver : Resolved [com.guesser.demo.exception.GuesserException: Player is already in room '356ab572-46c0-42de-a38d-1dfc17d0530f' with game ID 'daa7fb85-921d-410e-b78a-73fd62101e1a']
2025-12-17T10:19:15.715+05:30  INFO 62338 --- [guessergame] [http-nio-8080-exec-1] c.g.d.service.game.MultiplayerStrategy   : Player 12123 attempting to start a multiplayer game
2025-12-17T10:19:15.731+05:30  INFO 62338 --- [guessergame] [http-nio-8080-exec-1] c.g.d.service.game.MultiplayerStrategy   : Created new room 3b0637bf-5095-482f-b416-f133707a72fe for player 12123
2025-12-17T10:19:15.731+05:30  INFO 62338 --- [guessergame] [http-nio-8080-exec-1] c.g.d.service.game.MultiplayerStrategy   : Player 12123 is the first player in room 3b0637bf-5095-482f-b416-f133707a72fe
2025-12-17T10:19:15.738+05:30  INFO 62338 --- [guessergame] [http-nio-8080-exec-1] c.g.d.service.game.MultiplayerStrategy   : Game started for player 12123 in room 3b0637bf-5095-482f-b416-f133707a72fe with status IN_PROGRESS
2025-12-17T10:21:13.498+05:30  INFO 62338 --- [guessergame] [http-nio-8080-exec-9] c.g.d.service.game.MultiplayerStrategy   : Player hello attempting to start a multiplayer game
2025-12-17T10:21:13.508+05:30  WARN 62338 --- [guessergame] [http-nio-8080-exec-9] c.g.d.service.game.MultiplayerStrategy   : Player hello is already in room 356ab572-46c0-42de-a38d-1dfc17d0530f
2025-12-17T10:21:13.511+05:30  WARN 62338 --- [guessergame] [http-nio-8080-exec-9] .m.m.a.ExceptionHandlerExceptionResolver : Resolved [com.guesser.demo.exception.GuesserException: Player is already in room '356ab572-46c0-42de-a38d-1dfc17d0530f' with game ID 'c9cf6a1a-4d2c-4e92-9b3c-c19384a7fd2e']
2025-12-17T10:21:16.884+05:30  INFO 62338 --- [guessergame] [http-nio-8080-exec-8] c.g.d.service.game.MultiplayerStrategy   : Player hello345 attempting to start a multiplayer game
2025-12-17T10:21:16.892+05:30  INFO 62338 --- [guessergame] [http-nio-8080-exec-8] c.g.d.service.game.MultiplayerStrategy   : Created new room a0ee111f-75e2-4bd0-9075-1447acd7ecc8 for player hello345
2025-12-17T10:21:16.892+05:30  INFO 62338 --- [guessergame] [http-nio-8080-exec-8] c.g.d.service.game.MultiplayerStrategy   : Player hello345 is the first player in room a0ee111f-75e2-4bd0-9075-1447acd7ecc8
2025-12-17T10:21:16.896+05:30  INFO 62338 --- [guessergame] [http-nio-8080-exec-8] c.g.d.service.game.MultiplayerStrategy   : Game started for player hello345 in room a0ee111f-75e2-4bd0-9075-1447acd7ecc8 with status IN_PROGRESS
2025-12-17T10:25:08.524+05:30  INFO 62338 --- [guessergame] [http-nio-8080-exec-5] c.g.d.service.game.MultiplayerStrategy   : Player 12 attempting to start a multiplayer game
2025-12-17T10:25:08.534+05:30  WARN 62338 --- [guessergame] [http-nio-8080-exec-5] c.g.d.service.game.MultiplayerStrategy   : Player 12 is already in room 356ab572-46c0-42de-a38d-1dfc17d0530f
2025-12-17T10:25:08.537+05:30  WARN 62338 --- [guessergame] [http-nio-8080-exec-5] .m.m.a.ExceptionHandlerExceptionResolver : Resolved [com.guesser.demo.exception.GuesserException: Player is already in room '356ab572-46c0-42de-a38d-1dfc17d0530f' with game ID 'daa7fb85-921d-410e-b78a-73fd62101e1a']
2025-12-17T10:25:15.874+05:30  INFO 62338 --- [guessergame] [Thread-4] com.guesser.demo.config.LoggingConfig    : Application shutting down, flushing logs...
2025-12-17T10:25:15.962+05:30  INFO 62338 --- [guessergame] [SpringApplicationShutdownHook] o.s.m.s.b.SimpleBrokerMessageHandler     : Stopping...
2025-12-17T10:25:15.963+05:30  INFO 62338 --- [guessergame] [SpringApplicationShutdownHook] o.s.m.s.b.SimpleBrokerMessageHandler     : BrokerAvailabilityEvent[available=false, SimpleBrokerMessageHandler [org.springframework.messaging.simp.broker.DefaultSubscriptionRegistry@264d3909]]
2025-12-17T10:25:15.963+05:30  INFO 62338 --- [guessergame] [SpringApplicationShutdownHook] o.s.m.s.b.SimpleBrokerMessageHandler     : Stopped.
2025-12-17T10:25:16.023+05:30  INFO 62338 --- [guessergame] [SpringApplicationShutdownHook] j.LocalContainerEntityManagerFactoryBean : Closing JPA EntityManagerFactory for persistence unit 'default'
2025-12-17T10:25:16.068+05:30  WARN 62338 --- [guessergame] [SpringApplicationShutdownHook] o.s.b.f.support.DisposableBeanAdapter    : Invocation of destroy method failed on bean with name 'inMemoryDatabaseShutdownExecutor': org.h2.jdbc.JdbcSQLNonTransientConnectionException: Database is already closed (to disable automatic closing at VM shutdown, add ";DB_CLOSE_ON_EXIT=FALSE" to the db URL) [90121-224]
2025-12-17T10:25:16.069+05:30  INFO 62338 --- [guessergame] [SpringApplicationShutdownHook] com.zaxxer.hikari.HikariDataSource       : HikariPool-1 - Shutdown initiated...
2025-12-17T10:25:16.072+05:30  INFO 62338 --- [guessergame] [SpringApplicationShutdownHook] com.zaxxer.hikari.HikariDataSource       : HikariPool-1 - Shutdown completed.
2025-12-17T10:25:18.613+05:30  INFO 63995 --- [guessergame] [restartedMain] com.guesser.demo.MainApplication         : Starting MainApplication using Java 17.0.15 with PID 63995 (/Users/anuragsingh/Documents/project/Guess-The-Number/${project.build.directory}/classes started by anuragsingh in /Users/anuragsingh/Documents/project/Guess-The-Number)
2025-12-17T10:25:18.614+05:30 DEBUG 63995 --- [guessergame] [restartedMain] com.guesser.demo.MainApplication         : Running with Spring Boot v3.2.3, Spring v6.1.4
2025-12-17T10:25:18.615+05:30  INFO 63995 --- [guessergame] [restartedMain] com.guesser.demo.MainApplication         : No active profile set, falling back to 1 default profile: "default"
2025-12-17T10:25:18.643+05:30  INFO 63995 --- [guessergame] [restartedMain] .e.DevToolsPropertyDefaultsPostProcessor : Devtools property defaults active! Set 'spring.devtools.add-properties' to 'false' to disable
2025-12-17T10:25:18.644+05:30  INFO 63995 --- [guessergame] [restartedMain] .e.DevToolsPropertyDefaultsPostProcessor : For additional web related logging consider setting the 'logging.level.web' property to 'DEBUG'
2025-12-17T10:25:19.011+05:30  INFO 63995 --- [guessergame] [restartedMain] .s.d.r.c.RepositoryConfigurationDelegate : Bootstrapping Spring Data JPA repositories in DEFAULT mode.
2025-12-17T10:25:19.040+05:30  INFO 63995 --- [guessergame] [restartedMain] .s.d.r.c.RepositoryConfigurationDelegate : Finished Spring Data repository scanning in 25 ms. Found 3 JPA repository interfaces.
2025-12-17T10:25:19.404+05:30  INFO 63995 --- [guessergame] [restartedMain] o.s.b.w.embedded.tomcat.TomcatWebServer  : Tomcat initialized with port 8080 (http)
2025-12-17T10:25:19.410+05:30  INFO 63995 --- [guessergame] [restartedMain] o.apache.catalina.core.StandardService   : Starting service [Tomcat]
2025-12-17T10:25:19.410+05:30  INFO 63995 --- [guessergame] [restartedMain] o.apache.catalina.core.StandardEngine    : Starting Servlet engine: [Apache Tomcat/10.1.19]
2025-12-17T10:25:19.431+05:30  INFO 63995 --- [guessergame] [restartedMain] o.a.c.c.C.[Tomcat].[localhost].[/]       : Initializing Spring embedded WebApplicationContext
2025-12-17T10:25:19.431+05:30  INFO 63995 --- [guessergame] [restartedMain] w.s.c.ServletWebServerApplicationContext : Root WebApplicationContext: initialization completed in 787 ms
2025-12-17T10:25:19.448+05:30  INFO 63995 --- [guessergame] [restartedMain] com.zaxxer.hikari.HikariDataSource       : HikariPool-1 - Starting...
2025-12-17T10:25:19.582+05:30  INFO 63995 --- [guessergame] [restartedMain] com.zaxxer.hikari.pool.HikariPool        : HikariPool-1 - Added connection conn0: url=jdbc:h2:mem:testdb user=SA
2025-12-17T10:25:19.583+05:30  INFO 63995 --- [guessergame] [restartedMain] com.zaxxer.hikari.HikariDataSource       : HikariPool-1 - Start completed.
2025-12-17T10:25:19.590+05:30  INFO 63995 --- [guessergame] [restartedMain] o.s.b.a.h2.H2ConsoleAutoConfiguration    : H2 console available at '/h2-console'. Database available at 'jdbc:h2:mem:testdb'
2025-12-17T10:25:19.699+05:30  INFO 63995 --- [guessergame] [restartedMain] o.hibernate.jpa.internal.util.LogHelper  : HHH000204: Processing PersistenceUnitInfo [name: default]
2025-12-17T10:25:19.734+05:30  INFO 63995 --- [guessergame] [restartedMain] org.hibernate.Version                    : HHH000412: Hibernate ORM core version 6.4.4.Final
2025-12-17T10:25:19.749+05:30  INFO 63995 --- [guessergame] [restartedMain] o.h.c.internal.RegionFactoryInitiator    : HHH000026: Second-level cache disabled
2025-12-17T10:25:19.880+05:30  INFO 63995 --- [guessergame] [restartedMain] o.s.o.j.p.SpringPersistenceUnitInfo      : No LoadTimeWeaver setup: ignoring JPA class transformer
2025-12-17T10:25:19.918+05:30  WARN 63995 --- [guessergame] [restartedMain] org.hibernate.orm.deprecation            : HHH90000025: H2Dialect does not need to be specified explicitly using 'hibernate.dialect' (remove the property setting and it will be selected by default)
2025-12-17T10:25:20.340+05:30  INFO 63995 --- [guessergame] [restartedMain] o.h.e.t.j.p.i.JtaPlatformInitiator       : HHH000489: No JTA platform available (set 'hibernate.transaction.jta.platform' to enable JTA platform integration)
2025-12-17T10:25:20.368+05:30  INFO 63995 --- [guessergame] [restartedMain] j.LocalContainerEntityManagerFactoryBean : Initialized JPA EntityManagerFactory for persistence unit 'default'
2025-12-17T10:25:20.681+05:30  WARN 63995 --- [guessergame] [restartedMain] JpaBaseConfiguration$JpaWebConfiguration : spring.jpa.open-in-view is enabled by default. Therefore, database queries may be performed during view rendering. Explicitly configure spring.jpa.open-in-view to disable this warning
2025-12-17T10:25:20.813+05:30  INFO 63995 --- [guessergame] [restartedMain] o.s.b.d.a.OptionalLiveReloadServer       : LiveReload server is running on port 35729
2025-12-17T10:25:20.831+05:30  INFO 63995 --- [guessergame] [restartedMain] o.s.b.w.embedded.tomcat.TomcatWebServer  : Tomcat started on port 8080 (http) with context path ''
2025-12-17T10:25:20.832+05:30  INFO 63995 --- [guessergame] [restartedMain] o.s.m.s.b.SimpleBrokerMessageHandler     : Starting...
2025-12-17T10:25:20.833+05:30  INFO 63995 --- [guessergame] [restartedMain] o.s.m.s.b.SimpleBrokerMessageHandler     : BrokerAvailabilityEvent[available=true, SimpleBrokerMessageHandler [org.springframework.messaging.simp.broker.DefaultSubscriptionRegistry@6a94c4ee]]
2025-12-17T10:25:20.833+05:30  INFO 63995 --- [guessergame] [restartedMain] o.s.m.s.b.SimpleBrokerMessageHandler     : Started.
2025-12-17T10:25:20.840+05:30  INFO 63995 --- [guessergame] [restartedMain] com.guesser.demo.MainApplication         : Started MainApplication in 2.496 seconds (process running for 3.001)
2025-12-17T10:25:34.390+05:30  INFO 63995 --- [guessergame] [http-nio-8080-exec-1] o.a.c.c.C.[Tomcat].[localhost].[/]       : Initializing Spring DispatcherServlet 'dispatcherServlet'
2025-12-17T10:25:34.391+05:30  INFO 63995 --- [guessergame] [http-nio-8080-exec-1] o.s.web.servlet.DispatcherServlet        : Initializing Servlet 'dispatcherServlet'
2025-12-17T10:25:34.393+05:30  INFO 63995 --- [guessergame] [http-nio-8080-exec-1] o.s.web.servlet.DispatcherServlet        : Completed initialization in 2 ms
2025-12-17T10:25:34.458+05:30  INFO 63995 --- [guessergame] [http-nio-8080-exec-1] c.g.d.service.game.MultiplayerStrategy   : Player anurag2 attempting to start a multiplayer game
2025-12-17T10:25:34.520+05:30  INFO 63995 --- [guessergame] [http-nio-8080-exec-1] c.g.d.service.game.MultiplayerStrategy   : Created new room 00364609-1c23-4262-8275-b22c699af672 for player anurag2
2025-12-17T10:25:34.520+05:30  INFO 63995 --- [guessergame] [http-nio-8080-exec-1] c.g.d.service.game.MultiplayerStrategy   : Player anurag2 is the first player in room 00364609-1c23-4262-8275-b22c699af672
2025-12-17T10:25:34.552+05:30  INFO 63995 --- [guessergame] [http-nio-8080-exec-1] c.g.d.service.game.MultiplayerStrategy   : Game started for player anurag2 in room 00364609-1c23-4262-8275-b22c699af672 with status IN_PROGRESS
2025-12-17T10:25:36.287+05:30  INFO 63995 --- [guessergame] [http-nio-8080-exec-8] c.g.d.service.game.MultiplayerStrategy   : Player anurag attempting to start a multiplayer game
2025-12-17T10:25:36.304+05:30  INFO 63995 --- [guessergame] [http-nio-8080-exec-8] c.g.d.service.game.MultiplayerStrategy   : Found available room 00364609-1c23-4262-8275-b22c699af672 for player anurag. Room currently has player anurag2
2025-12-17T10:25:36.312+05:30  INFO 63995 --- [guessergame] [http-nio-8080-exec-8] c.g.d.service.game.MultiplayerStrategy   : Player anurag joined room 00364609-1c23-4262-8275-b22c699af672 as second player
2025-12-17T10:25:36.320+05:30  INFO 63995 --- [guessergame] [http-nio-8080-exec-8] c.g.d.service.game.MultiplayerStrategy   : Sent player joined notification to room 00364609-1c23-4262-8275-b22c699af672 for player anurag2
2025-12-17T10:25:36.321+05:30  INFO 63995 --- [guessergame] [http-nio-8080-exec-8] c.g.d.service.game.MultiplayerStrategy   : Game started for player anurag in room 00364609-1c23-4262-8275-b22c699af672 with status IN_PROGRESS
2025-12-17T10:25:43.142+05:30  INFO 63995 --- [guessergame] [http-nio-8080-exec-2] c.g.d.service.game.MultiplayerStrategy   : Player anurag2 submitting guess in game 54db00bc-2173-429b-aefd-da5739896749 for room 00364609-1c23-4262-8275-b22c699af672
2025-12-17T10:25:43.150+05:30  INFO 63995 --- [guessergame] [http-nio-8080-exec-2] c.g.d.service.game.MultiplayerStrategy   : Player anurag2 made guess 12 in game 54db00bc-2173-429b-aefd-da5739896749. Correct digits: 0
2025-12-17T10:25:43.157+05:30  INFO 63995 --- [guessergame] [http-nio-8080-exec-2] c.g.d.service.game.MultiplayerStrategy   : Turn switched to player anurag in game 54db00bc-2173-429b-aefd-da5739896749 in room 00364609-1c23-4262-8275-b22c699af672
2025-12-17T10:25:43.162+05:30  INFO 63995 --- [guessergame] [http-nio-8080-exec-2] c.g.d.service.game.MultiplayerStrategy   : Sent turn notification to room 00364609-1c23-4262-8275-b22c699af672 - Player anurag2 guessed, next player: anurag
2025-12-17T10:25:49.838+05:30  INFO 63995 --- [guessergame] [http-nio-8080-exec-10] c.g.d.service.game.MultiplayerStrategy   : Player anurag submitting guess in game 36eca517-5cdb-479f-a09b-dce791b3fcbb for room 00364609-1c23-4262-8275-b22c699af672
2025-12-17T10:25:49.845+05:30  INFO 63995 --- [guessergame] [http-nio-8080-exec-10] c.g.d.service.game.MultiplayerStrategy   : Player anurag made guess 12 in game 36eca517-5cdb-479f-a09b-dce791b3fcbb. Correct digits: 0
2025-12-17T10:25:49.854+05:30  INFO 63995 --- [guessergame] [http-nio-8080-exec-10] c.g.d.service.game.MultiplayerStrategy   : Turn switched to player anurag2 in game 36eca517-5cdb-479f-a09b-dce791b3fcbb in room 00364609-1c23-4262-8275-b22c699af672
2025-12-17T10:25:49.858+05:30  INFO 63995 --- [guessergame] [http-nio-8080-exec-10] c.g.d.service.game.MultiplayerStrategy   : Sent turn notification to room 00364609-1c23-4262-8275-b22c699af672 - Player anurag guessed, next player: anurag2
2025-12-17T10:26:03.197+05:30  INFO 63995 --- [guessergame] [http-nio-8080-exec-5] c.guesser.demo.service.GuesserService    : Player anurag ended the game. Player anurag2 wins. Game: 36eca517-5cdb-479f-a09b-dce791b3fcbb, Room: 00364609-1c23-4262-8275-b22c699af672
2025-12-17T10:26:12.545+05:30  INFO 63995 --- [guessergame] [http-nio-8080-exec-2] c.g.d.service.game.MultiplayerStrategy   : Player anurag attempting to start a multiplayer game
2025-12-17T10:26:12.558+05:30  INFO 63995 --- [guessergame] [http-nio-8080-exec-2] c.g.d.service.game.MultiplayerStrategy   : Created new room 91421163-90ce-406c-85e6-be26ae330a08 for player anurag
2025-12-17T10:26:12.558+05:30  INFO 63995 --- [guessergame] [http-nio-8080-exec-2] c.g.d.service.game.MultiplayerStrategy   : Player anurag is the first player in room 91421163-90ce-406c-85e6-be26ae330a08
2025-12-17T10:26:12.571+05:30  INFO 63995 --- [guessergame] [http-nio-8080-exec-2] c.g.d.service.game.MultiplayerStrategy   : Game started for player anurag in room 91421163-90ce-406c-85e6-be26ae330a08 with status IN_PROGRESS
2025-12-17T10:26:20.853+05:30  INFO 63995 --- [guessergame] [MessageBroker-7] o.s.w.s.c.WebSocketMessageBrokerStats    : WebSocketSession[2 current WS(2)-HttpStream(0)-HttpPoll(0), 6 total, 0 closed abnormally (0 connect failure, 0 send limit, 0 transport error)], stompSubProtocol[processed CONNECT(6)-CONNECTED(6)-DISCONNECT(0)], stompBrokerRelay[null], inboundChannel[pool size = 16, active threads = 0, queued tasks = 0, completed tasks = 48], outboundChannel[pool size = 16, active threads = 0, queued tasks = 0, completed tasks = 22], sockJsScheduler[pool size = 8, active threads = 1, queued tasks = 3, completed tasks = 10]
2025-12-17T10:26:21.192+05:30  INFO 63995 --- [guessergame] [http-nio-8080-exec-4] c.g.d.service.game.MultiplayerStrategy   : Player anurag2 attempting to start a multiplayer game
2025-12-17T10:26:21.201+05:30  INFO 63995 --- [guessergame] [http-nio-8080-exec-4] c.g.d.service.game.MultiplayerStrategy   : Found available room 91421163-90ce-406c-85e6-be26ae330a08 for player anurag2. Room currently has player anurag
2025-12-17T10:26:21.205+05:30  INFO 63995 --- [guessergame] [http-nio-8080-exec-4] c.g.d.service.game.MultiplayerStrategy   : Player anurag2 joined room 91421163-90ce-406c-85e6-be26ae330a08 as second player
2025-12-17T10:26:21.209+05:30  INFO 63995 --- [guessergame] [http-nio-8080-exec-4] c.g.d.service.game.MultiplayerStrategy   : Sent player joined notification to room 91421163-90ce-406c-85e6-be26ae330a08 for player anurag
2025-12-17T10:26:21.210+05:30  INFO 63995 --- [guessergame] [http-nio-8080-exec-4] c.g.d.service.game.MultiplayerStrategy   : Game started for player anurag2 in room 91421163-90ce-406c-85e6-be26ae330a08 with status IN_PROGRESS
2025-12-17T10:26:25.101+05:30  INFO 63995 --- [guessergame] [http-nio-8080-exec-2] c.guesser.demo.service.GuesserService    : Player anurag2 ended the game. Player anurag wins. Game: b80ae02c-f3e0-42ac-a153-8f522045a218, Room: 91421163-90ce-406c-85e6-be26ae330a08
2025-12-17T10:26:33.333+05:30  INFO 63995 --- [guessergame] [http-nio-8080-exec-10] c.g.d.service.game.MultiplayerStrategy   : Player anurag attempting to start a multiplayer game
2025-12-17T10:26:33.351+05:30  INFO 63995 --- [guessergame] [http-nio-8080-exec-10] c.g.d.service.game.MultiplayerStrategy   : Created new room cf8070a6-e56f-472e-91a9-37434ded4c10 for player anurag
2025-12-17T10:26:33.352+05:30  INFO 63995 --- [guessergame] [http-nio-8080-exec-10] c.g.d.service.game.MultiplayerStrategy   : Player anurag is the first player in room cf8070a6-e56f-472e-91a9-37434ded4c10
2025-12-17T10:26:33.358+05:30  INFO 63995 --- [guessergame] [http-nio-8080-exec-10] c.g.d.service.game.MultiplayerStrategy   : Game started for player anurag in room cf8070a6-e56f-472e-91a9-37434ded4c10 with status IN_PROGRESS
2025-12-17T10:39:28.583+05:30  INFO 63995 --- [guessergame] [http-nio-8080-exec-4] c.g.d.service.game.MultiplayerStrategy   : Player anurag1 attempting to start a multiplayer game
2025-12-17T10:39:28.612+05:30  INFO 63995 --- [guessergame] [http-nio-8080-exec-4] c.g.d.service.game.MultiplayerStrategy   : Created new room d8cc3f7d-cdc5-4da0-802f-f8482775ad2d for player anurag1
2025-12-17T10:39:28.612+05:30  INFO 63995 --- [guessergame] [http-nio-8080-exec-4] c.g.d.service.game.MultiplayerStrategy   : Player anurag1 is the first player in room d8cc3f7d-cdc5-4da0-802f-f8482775ad2d
2025-12-17T10:39:28.624+05:30  INFO 63995 --- [guessergame] [http-nio-8080-exec-4] c.g.d.service.game.MultiplayerStrategy   : Game started for player anurag1 in room d8cc3f7d-cdc5-4da0-802f-f8482775ad2d with status IN_PROGRESS
2025-12-17T10:39:36.057+05:30  INFO 63995 --- [guessergame] [http-nio-8080-exec-9] c.g.d.service.game.MultiplayerStrategy   : Player jijiij attempting to start a multiplayer game
2025-12-17T10:39:36.068+05:30  INFO 63995 --- [guessergame] [http-nio-8080-exec-9] c.g.d.service.game.MultiplayerStrategy   : Found available room d8cc3f7d-cdc5-4da0-802f-f8482775ad2d for player jijiij. Room currently has player anurag1
2025-12-17T10:39:36.075+05:30  INFO 63995 --- [guessergame] [http-nio-8080-exec-9] c.g.d.service.game.MultiplayerStrategy   : Player jijiij joined room d8cc3f7d-cdc5-4da0-802f-f8482775ad2d as second player
2025-12-17T10:39:36.082+05:30  INFO 63995 --- [guessergame] [http-nio-8080-exec-9] c.g.d.service.game.MultiplayerStrategy   : Sent player joined notification to room d8cc3f7d-cdc5-4da0-802f-f8482775ad2d for player anurag1
2025-12-17T10:39:36.082+05:30  INFO 63995 --- [guessergame] [http-nio-8080-exec-9] c.g.d.service.game.MultiplayerStrategy   : Game started for player jijiij in room d8cc3f7d-cdc5-4da0-802f-f8482775ad2d with status IN_PROGRESS
2025-12-17T10:40:06.490+05:30  INFO 63995 --- [guessergame] [http-nio-8080-exec-1] c.g.d.service.game.MultiplayerStrategy   : Player hello attempting to start a multiplayer game
2025-12-17T10:40:06.509+05:30  INFO 63995 --- [guessergame] [http-nio-8080-exec-1] c.g.d.service.game.MultiplayerStrategy   : Created new room baeaa4a2-2b34-4358-a3f2-42367cc09572 for player hello
2025-12-17T10:40:06.510+05:30  INFO 63995 --- [guessergame] [http-nio-8080-exec-1] c.g.d.service.game.MultiplayerStrategy   : Player hello is the first player in room baeaa4a2-2b34-4358-a3f2-42367cc09572
2025-12-17T10:40:06.515+05:30  INFO 63995 --- [guessergame] [http-nio-8080-exec-1] c.g.d.service.game.MultiplayerStrategy   : Game started for player hello in room baeaa4a2-2b34-4358-a3f2-42367cc09572 with status IN_PROGRESS
2025-12-17T10:40:17.794+05:30  INFO 63995 --- [guessergame] [http-nio-8080-exec-4] c.g.d.service.game.MultiplayerStrategy   : Player dqwhqo attempting to start a multiplayer game
2025-12-17T10:40:17.804+05:30  WARN 63995 --- [guessergame] [http-nio-8080-exec-4] c.g.d.service.game.MultiplayerStrategy   : Player dqwhqo attempted to join room baeaa4a2-2b34-4358-a3f2-42367cc09572 with different level. Room level: 3, Player level: 1
2025-12-17T10:40:17.828+05:30  WARN 63995 --- [guessergame] [http-nio-8080-exec-4] .m.m.a.ExceptionHandlerExceptionResolver : Resolved [com.guesser.demo.exception.GuesserException: Room is not available for joining]
2025-12-17T10:40:29.975+05:30  INFO 63995 --- [guessergame] [http-nio-8080-exec-9] c.g.d.service.game.MultiplayerStrategy   : Player dqwhqo attempting to start a multiplayer game
2025-12-17T10:40:29.981+05:30  INFO 63995 --- [guessergame] [http-nio-8080-exec-9] c.g.d.service.game.MultiplayerStrategy   : Found available room baeaa4a2-2b34-4358-a3f2-42367cc09572 for player dqwhqo. Room currently has player hello
2025-12-17T10:40:29.987+05:30  INFO 63995 --- [guessergame] [http-nio-8080-exec-9] c.g.d.service.game.MultiplayerStrategy   : Player dqwhqo joined room baeaa4a2-2b34-4358-a3f2-42367cc09572 as second player
2025-12-17T10:40:29.996+05:30  INFO 63995 --- [guessergame] [http-nio-8080-exec-9] c.g.d.service.game.MultiplayerStrategy   : Sent player joined notification to room baeaa4a2-2b34-4358-a3f2-42367cc09572 for player hello
2025-12-17T10:40:29.996+05:30  INFO 63995 --- [guessergame] [http-nio-8080-exec-9] c.g.d.service.game.MultiplayerStrategy   : Game started for player dqwhqo in room baeaa4a2-2b34-4358-a3f2-42367cc09572 with status IN_PROGRESS
2025-12-17T10:40:31.866+05:30  INFO 63995 --- [guessergame] [http-nio-8080-exec-2] c.guesser.demo.service.GuesserService    : Player dqwhqo ended the game. Player hello wins. Game: 9f1937e0-c46c-48af-9002-7962262bcea8, Room: baeaa4a2-2b34-4358-a3f2-42367cc09572
2025-12-17T10:40:34.165+05:30  INFO 63995 --- [guessergame] [http-nio-8080-exec-6] c.guesser.demo.service.GuesserService    : Player anurag1 ended the game. Player jijiij wins. Game: e077d740-36d5-4258-8769-9a13ca39af3f, Room: d8cc3f7d-cdc5-4da0-802f-f8482775ad2d
2025-12-17T10:40:43.756+05:30  INFO 63995 --- [guessergame] [Thread-4] com.guesser.demo.config.LoggingConfig    : Application shutting down, flushing logs...
2025-12-17T10:40:43.770+05:30  INFO 63995 --- [guessergame] [SpringApplicationShutdownHook] o.s.m.s.b.SimpleBrokerMessageHandler     : Stopping...
2025-12-17T10:40:43.771+05:30  INFO 63995 --- [guessergame] [SpringApplicationShutdownHook] o.s.m.s.b.SimpleBrokerMessageHandler     : BrokerAvailabilityEvent[available=false, SimpleBrokerMessageHandler [org.springframework.messaging.simp.broker.DefaultSubscriptionRegistry@6a94c4ee]]
2025-12-17T10:40:43.771+05:30  INFO 63995 --- [guessergame] [SpringApplicationShutdownHook] o.s.m.s.b.SimpleBrokerMessageHandler     : Stopped.
2025-12-17T10:40:43.815+05:30  INFO 63995 --- [guessergame] [SpringApplicationShutdownHook] j.LocalContainerEntityManagerFactoryBean : Closing JPA EntityManagerFactory for persistence unit 'default'
2025-12-17T10:40:43.822+05:30  WARN 63995 --- [guessergame] [SpringApplicationShutdownHook] o.s.b.f.support.DisposableBeanAdapter    : Invocation of destroy method failed on bean with name 'inMemoryDatabaseShutdownExecutor': org.h2.jdbc.JdbcSQLNonTransientConnectionException: Database is already closed (to disable automatic closing at VM shutdown, add ";DB_CLOSE_ON_EXIT=FALSE" to the db URL) [90121-224]
2025-12-17T10:40:43.822+05:30  INFO 63995 --- [guessergame] [SpringApplicationShutdownHook] com.zaxxer.hikari.HikariDataSource       : HikariPool-1 - Shutdown initiated...
2025-12-17T10:40:43.823+05:30  INFO 63995 --- [guessergame] [SpringApplicationShutdownHook] com.zaxxer.hikari.HikariDataSource       : HikariPool-1 - Shutdown completed.
2025-12-17T10:40:45.436+05:30  INFO 64243 --- [guessergame] [restartedMain] com.guesser.demo.MainApplication         : Starting MainApplication using Java 17.0.15 with PID 64243 (/Users/anuragsingh/Documents/project/Guess-The-Number/${project.build.directory}/classes started by anuragsingh in /Users/anuragsingh/Documents/project/Guess-The-Number)
2025-12-17T10:40:45.440+05:30 DEBUG 64243 --- [guessergame] [restartedMain] com.guesser.demo.MainApplication         : Running with Spring Boot v3.2.3, Spring v6.1.4
2025-12-17T10:40:45.441+05:30  INFO 64243 --- [guessergame] [restartedMain] com.guesser.demo.MainApplication         : No active profile set, falling back to 1 default profile: "default"
2025-12-17T10:40:45.468+05:30  INFO 64243 --- [guessergame] [restartedMain] .e.DevToolsPropertyDefaultsPostProcessor : Devtools property defaults active! Set 'spring.devtools.add-properties' to 'false' to disable
2025-12-17T10:40:45.468+05:30  INFO 64243 --- [guessergame] [restartedMain] .e.DevToolsPropertyDefaultsPostProcessor : For additional web related logging consider setting the 'logging.level.web' property to 'DEBUG'
2025-12-17T10:40:45.893+05:30  INFO 64243 --- [guessergame] [restartedMain] .s.d.r.c.RepositoryConfigurationDelegate : Bootstrapping Spring Data JPA repositories in DEFAULT mode.
2025-12-17T10:40:45.931+05:30  INFO 64243 --- [guessergame] [restartedMain] .s.d.r.c.RepositoryConfigurationDelegate : Finished Spring Data repository scanning in 29 ms. Found 3 JPA repository interfaces.
2025-12-17T10:40:46.237+05:30  INFO 64243 --- [guessergame] [restartedMain] o.s.b.w.embedded.tomcat.TomcatWebServer  : Tomcat initialized with port 8080 (http)
2025-12-17T10:40:46.243+05:30  INFO 64243 --- [guessergame] [restartedMain] o.apache.catalina.core.StandardService   : Starting service [Tomcat]
2025-12-17T10:40:46.243+05:30  INFO 64243 --- [guessergame] [restartedMain] o.apache.catalina.core.StandardEngine    : Starting Servlet engine: [Apache Tomcat/10.1.19]
2025-12-17T10:40:46.270+05:30  INFO 64243 --- [guessergame] [restartedMain] o.a.c.c.C.[Tomcat].[localhost].[/]       : Initializing Spring embedded WebApplicationContext
2025-12-17T10:40:46.270+05:30  INFO 64243 --- [guessergame] [restartedMain] w.s.c.ServletWebServerApplicationContext : Root WebApplicationContext: initialization completed in 802 ms
2025-12-17T10:40:46.287+05:30  INFO 64243 --- [guessergame] [restartedMain] com.zaxxer.hikari.HikariDataSource       : HikariPool-1 - Starting...
2025-12-17T10:40:46.372+05:30  INFO 64243 --- [guessergame] [restartedMain] com.zaxxer.hikari.pool.HikariPool        : HikariPool-1 - Added connection conn0: url=jdbc:h2:mem:testdb user=SA
2025-12-17T10:40:46.373+05:30  INFO 64243 --- [guessergame] [restartedMain] com.zaxxer.hikari.HikariDataSource       : HikariPool-1 - Start completed.
2025-12-17T10:40:46.378+05:30  INFO 64243 --- [guessergame] [restartedMain] o.s.b.a.h2.H2ConsoleAutoConfiguration    : H2 console available at '/h2-console'. Database available at 'jdbc:h2:mem:testdb'
2025-12-17T10:40:46.436+05:30  INFO 64243 --- [guessergame] [restartedMain] o.hibernate.jpa.internal.util.LogHelper  : HHH000204: Processing PersistenceUnitInfo [name: default]
2025-12-17T10:40:46.468+05:30  INFO 64243 --- [guessergame] [restartedMain] org.hibernate.Version                    : HHH000412: Hibernate ORM core version 6.4.4.Final
2025-12-17T10:40:46.489+05:30  INFO 64243 --- [guessergame] [restartedMain] o.h.c.internal.RegionFactoryInitiator    : HHH000026: Second-level cache disabled
2025-12-17T10:40:46.608+05:30  INFO 64243 --- [guessergame] [restartedMain] o.s.o.j.p.SpringPersistenceUnitInfo      : No LoadTimeWeaver setup: ignoring JPA class transformer
2025-12-17T10:40:46.628+05:30  WARN 64243 --- [guessergame] [restartedMain] org.hibernate.orm.deprecation            : HHH90000025: H2Dialect does not need to be specified explicitly using 'hibernate.dialect' (remove the property setting and it will be selected by default)
2025-12-17T10:40:47.015+05:30  INFO 64243 --- [guessergame] [restartedMain] o.h.e.t.j.p.i.JtaPlatformInitiator       : HHH000489: No JTA platform available (set 'hibernate.transaction.jta.platform' to enable JTA platform integration)
2025-12-17T10:40:47.047+05:30  INFO 64243 --- [guessergame] [restartedMain] j.LocalContainerEntityManagerFactoryBean : Initialized JPA EntityManagerFactory for persistence unit 'default'
2025-12-17T10:40:47.347+05:30  WARN 64243 --- [guessergame] [restartedMain] JpaBaseConfiguration$JpaWebConfiguration : spring.jpa.open-in-view is enabled by default. Therefore, database queries may be performed during view rendering. Explicitly configure spring.jpa.open-in-view to disable this warning
2025-12-17T10:40:47.478+05:30  INFO 64243 --- [guessergame] [restartedMain] o.s.b.d.a.OptionalLiveReloadServer       : LiveReload server is running on port 35729
2025-12-17T10:40:47.493+05:30  INFO 64243 --- [guessergame] [restartedMain] o.s.b.w.embedded.tomcat.TomcatWebServer  : Tomcat started on port 8080 (http) with context path ''
2025-12-17T10:40:47.494+05:30  INFO 64243 --- [guessergame] [restartedMain] o.s.m.s.b.SimpleBrokerMessageHandler     : Starting...
2025-12-17T10:40:47.495+05:30  INFO 64243 --- [guessergame] [restartedMain] o.s.m.s.b.SimpleBrokerMessageHandler     : BrokerAvailabilityEvent[available=true, SimpleBrokerMessageHandler [org.springframework.messaging.simp.broker.DefaultSubscriptionRegistry@3fab18e6]]
2025-12-17T10:40:47.495+05:30  INFO 64243 --- [guessergame] [restartedMain] o.s.m.s.b.SimpleBrokerMessageHandler     : Started.
2025-12-17T10:40:47.503+05:30  INFO 64243 --- [guessergame] [restartedMain] com.guesser.demo.MainApplication         : Started MainApplication in 2.318 seconds (process running for 2.819)
2025-12-17T10:41:47.523+05:30  INFO 64243 --- [guessergame] [MessageBroker-1] o.s.w.s.c.WebSocketMessageBrokerStats    : WebSocketSession[0 current WS(0)-HttpStream(0)-HttpPoll(0), 0 total, 0 closed abnormally (0 connect failure, 0 send limit, 0 transport error)], stompSubProtocol[processed CONNECT(0)-CONNECTED(0)-DISCONNECT(0)], stompBrokerRelay[null], inboundChannel[pool size = 0, active threads = 0, queued tasks = 0, completed tasks = 0], outboundChannel[pool size = 0, active threads = 0, queued tasks = 0, completed tasks = 0], sockJsScheduler[pool size = 1, active threads = 1, queued tasks = 0, completed tasks = 0]
2025-12-17T10:42:04.557+05:30  INFO 64243 --- [guessergame] [http-nio-8080-exec-4] o.a.c.c.C.[Tomcat].[localhost].[/]       : Initializing Spring DispatcherServlet 'dispatcherServlet'
2025-12-17T10:42:04.558+05:30  INFO 64243 --- [guessergame] [http-nio-8080-exec-4] o.s.web.servlet.DispatcherServlet        : Initializing Servlet 'dispatcherServlet'
2025-12-17T10:42:04.561+05:30  INFO 64243 --- [guessergame] [http-nio-8080-exec-4] o.s.web.servlet.DispatcherServlet        : Completed initialization in 3 ms
2025-12-17T10:42:04.608+05:30  WARN 64243 --- [guessergame] [http-nio-8080-exec-4] .m.m.a.ExceptionHandlerExceptionResolver : Resolved [org.springframework.web.servlet.resource.NoResourceFoundException: No static resource favicon.ico.]
2025-12-17T10:53:18.209+05:30  WARN 64243 --- [guessergame] [HikariPool-1 housekeeper] com.zaxxer.hikari.pool.HikariPool        : HikariPool-1 - Thread starvation or clock leap detected (housekeeper delta=3m1s630ms).
